#
# There is insufficient memory for the Java Runtime Environment to continue.
# Native memory allocation (mmap) failed to map 234881024 bytes for G1 virtual space
# Possible reasons:
#   The system is out of physical RAM or swap space
#   The process is running with CompressedOops enabled, and the Java Heap may be blocking the growth of the native heap
# Possible solutions:
#   Reduce memory load on the system
#   Increase physical memory or swap space
#   Check if swap backing store is full
#   Decrease Java heap size (-Xmx/-Xms)
#   Decrease number of Java threads
#   Decrease Java thread stack sizes (-Xss)
#   Set larger code cache with -XX:ReservedCodeCacheSize=
#   JVM is running with Zero Based Compressed Oops mode in which the Java heap is
#     placed in the first 32GB address space. The Java Heap base address is the
#     maximum limit for the native heap growth. Please use -XX:HeapBaseMinAddress
#     to set the Java Heap base and to place the Java Heap above 32GB virtual address.
# This output file may be truncated or incomplete.
#
#  Out of Memory Error (os_windows.cpp:3600), pid=18144, tid=20268
#
# JRE version:  (21.0.1+12) (build )
# Java VM: Java HotSpot(TM) 64-Bit Server VM (21.0.1+12-LTS-29, mixed mode, sharing, tiered, compressed oops, compressed class ptrs, g1 gc, windows-amd64)
# No core dump will be written. Minidumps are not enabled by default on client versions of Windows
#

---------------  S U M M A R Y ------------

Command Line: -Dclassworlds.conf=C:\Program Files\NetBeans-20\netbeans\java\maven\bin\m2.conf -Dmaven.home=C:\Program Files\NetBeans-20\netbeans\java\maven -Dlibrary.jansi.path=C:\Program Files\NetBeans-20\netbeans\java\maven\lib\jansi-native -Dmaven.multiModuleProjectDirectory=C:\Users\jose-\OneDrive\Documentos\NetBeansProjects\Domino org.codehaus.plexus.classworlds.launcher.Launcher -Dexec.vmArgs= -Dexec.appArgs= -Dmaven.ext.class.path=C:\Program Files\NetBeans-20\netbeans\java\maven-nblib\netbeans-eventspy.jar -Dfile.encoding=UTF-8 --no-transfer-progress clean javafx:run

Host: AMD Ryzen 5 3400G with Radeon Vega Graphics    , 8 cores, 13G,  Windows 10 , 64 bit Build 19041 (10.0.19041.3636)
Time: Thu Jan 11 17:57:40 2024 Hora est. Pacífico, Sudamérica elapsed time: 0.018750 seconds (0d 0h 0m 0s)

---------------  T H R E A D  ---------------

Current thread (0x00000252ef58ad00):  JavaThread "Unknown thread" [_thread_in_vm, id=20268, stack(0x00000063d1e00000,0x00000063d1f00000) (1024K)]

Stack: [0x00000063d1e00000,0x00000063d1f00000]
Native frames: (J=compiled Java code, j=interpreted, Vv=VM code, C=native code)
V  [jvm.dll+0x6c9029]
V  [jvm.dll+0x854b81]
V  [jvm.dll+0x856e5e]
V  [jvm.dll+0x857543]
V  [jvm.dll+0x280c06]
V  [jvm.dll+0x6c5715]
V  [jvm.dll+0x6ba10a]
V  [jvm.dll+0x3557ea]
V  [jvm.dll+0x35d436]
V  [jvm.dll+0x3ae1be]
V  [jvm.dll+0x3ae468]
V  [jvm.dll+0x3291fc]
V  [jvm.dll+0x329d8b]
V  [jvm.dll+0x81d179]
V  [jvm.dll+0x3bb4f1]
V  [jvm.dll+0x805ae8]
V  [jvm.dll+0x44effe]
V  [jvm.dll+0x450901]
C  [jli.dll+0x52a3]
C  [ucrtbase.dll+0x21bb2]
C  [KERNEL32.DLL+0x17344]
C  [ntdll.dll+0x526b1]


---------------  P R O C E S S  ---------------

Threads class SMR info:
_java_thread_list=0x00007ffba8359b88, length=0, elements={
}

Java Threads: ( => current thread )
Total: 0

Other Threads:
  0x00000252f17a87a0 WorkerThread "GC Thread#0"                     [id=16928, stack(0x00000063d1f00000,0x00000063d2000000) (1024K)]
  0x00000252f17b7780 ConcurrentGCThread "G1 Main Marker"            [id=2652, stack(0x00000063d2000000,0x00000063d2100000) (1024K)]
  0x00000252f17b8930 WorkerThread "G1 Conc#0"                       [id=15548, stack(0x00000063d2100000,0x00000063d2200000) (1024K)]

[error occurred during error reporting (printing all threads), id 0xc0000005, EXCEPTION_ACCESS_VIOLATION (0xc0000005) at pc=0x00007ffba7acc2c7]
VM state: not at safepoint (not fully initialized)

VM Mutex/Monitor currently owned by a thread:  ([mutex/lock_event])
[0x00007ffba83ca6f8] Heap_lock - owner thread: 0x00000252ef58ad00

Heap address: 0x0000000720c00000, size: 3572 MB, Compressed Oops mode: Zero based, Oop shift amount: 3

CDS archive(s) mapped at: [0x0000000000000000-0x0000000000000000-0x0000000000000000), size 0, SharedBaseAddress: 0x0000000800000000, ArchiveRelocationMode: 1.
Narrow klass base: 0x0000000000000000, Narrow klass shift: 0, Narrow klass range: 0x0

GC Precious Log:
 CardTable entry size: 512
 Card Set container configuration: InlinePtr #cards 4 size 8 Array Of Cards #cards 16 size 48 Howl #buckets 8 coarsen threshold 3686 Howl Bitmap #cards 512 size 80 coarsen threshold 460 Card regions per heap region 1 cards per card region 4096

Heap:
 garbage-first heap   total 0K, used 0K [0x0000000720c00000, 0x0000000800000000)
  region size 2048K, 0 young (0K), 0 survivors (0K)

[error occurred during error reporting (printing heap information), id 0xc0000005, EXCEPTION_ACCESS_VIOLATION (0xc0000005) at pc=0x00007ffba7eb1be9]
GC Heap History (0 events):
No events

Dll operation events (1 events):
Event: 0.012 Loaded shared library C:\Program Files\Java\jdk-21\bin\java.dll

Deoptimization events (0 events):
No events

Classes loaded (0 events):
No events

Classes unloaded (0 events):
No events

Classes redefined (0 events):
No events

Internal exceptions (0 events):
No events

ZGC Phase Switch (0 events):
No events

VM Operations (0 events):
No events

Events (0 events):
No events


Dynamic libraries:
0x00007ff679be0000 - 0x00007ff679bf0000 	C:\Program Files\Java\jdk-21\bin\java.exe
0x00007ffc23ab0000 - 0x00007ffc23ca8000 	C:\Windows\SYSTEM32\ntdll.dll
0x00007ffc22700000 - 0x00007ffc227bd000 	C:\Windows\System32\KERNEL32.DLL
0x00007ffc21380000 - 0x00007ffc21676000 	C:\Windows\System32\KERNELBASE.dll
0x00007ffc211f0000 - 0x00007ffc212f0000 	C:\Windows\System32\ucrtbase.dll
0x00007ffbe2500000 - 0x00007ffbe2519000 	C:\Program Files\Java\jdk-21\bin\jli.dll
0x00007ffbe28a0000 - 0x00007ffbe28bb000 	C:\Program Files\Java\jdk-21\bin\VCRUNTIME140.dll
0x00007ffc222e0000 - 0x00007ffc22393000 	C:\Windows\System32\ADVAPI32.dll
0x00007ffc221e0000 - 0x00007ffc2227e000 	C:\Windows\System32\msvcrt.dll
0x00007ffc21b00000 - 0x00007ffc21b9f000 	C:\Windows\System32\sechost.dll
0x00007ffc227c0000 - 0x00007ffc228e6000 	C:\Windows\System32\RPCRT4.dll
0x00007ffc21760000 - 0x00007ffc21787000 	C:\Windows\System32\bcrypt.dll
0x00007ffc21ba0000 - 0x00007ffc21d3e000 	C:\Windows\System32\USER32.dll
0x00007ffc21730000 - 0x00007ffc21752000 	C:\Windows\System32\win32u.dll
0x00007ffc23150000 - 0x00007ffc2317c000 	C:\Windows\System32\GDI32.dll
0x00007ffc08df0000 - 0x00007ffc0908a000 	C:\Windows\WinSxS\amd64_microsoft.windows.common-controls_6595b64144ccf1df_6.0.19041.3636_none_60b6a03d71f818d5\COMCTL32.dll
0x00007ffc217e0000 - 0x00007ffc218fa000 	C:\Windows\System32\gdi32full.dll
0x00007ffc21900000 - 0x00007ffc2199d000 	C:\Windows\System32\msvcp_win.dll
0x00007ffc20c10000 - 0x00007ffc20c1a000 	C:\Windows\SYSTEM32\VERSION.dll
0x00007ffc221b0000 - 0x00007ffc221e0000 	C:\Windows\System32\IMM32.DLL
0x000000005c420000 - 0x000000005c42c000 	C:\Program Files (x86)\360\Total Security\safemon\SafeWrapper.dll
0x00007ffbdbbb0000 - 0x00007ffbdbc42000 	C:\Program Files (x86)\360\Total Security\safemon\libzdtp64.dll
0x00007ffc23180000 - 0x00007ffc238c5000 	C:\Windows\System32\SHELL32.dll
0x00007ffc22280000 - 0x00007ffc222d5000 	C:\Windows\System32\SHLWAPI.dll
0x00007ffbf6b30000 - 0x00007ffbf6b3c000 	C:\Program Files\Java\jdk-21\bin\vcruntime140_1.dll
0x00007ffbdba90000 - 0x00007ffbdbb1e000 	C:\Program Files\Java\jdk-21\bin\msvcp140.dll
0x00007ffba7790000 - 0x00007ffba84a5000 	C:\Program Files\Java\jdk-21\bin\server\jvm.dll
0x00007ffc238d0000 - 0x00007ffc2393b000 	C:\Windows\System32\WS2_32.dll
0x00007ffc20fe0000 - 0x00007ffc2102b000 	C:\Windows\SYSTEM32\POWRPROF.dll
0x00007ffc16d00000 - 0x00007ffc16d27000 	C:\Windows\SYSTEM32\WINMM.dll
0x00007ffc20fc0000 - 0x00007ffc20fd2000 	C:\Windows\SYSTEM32\UMPDC.dll
0x00007ffc1f1c0000 - 0x00007ffc1f1d2000 	C:\Windows\SYSTEM32\kernel.appcore.dll
0x00007ffbf5b10000 - 0x00007ffbf5b1a000 	C:\Program Files\Java\jdk-21\bin\jimage.dll
0x00007ffc1ee20000 - 0x00007ffc1f004000 	C:\Windows\SYSTEM32\DBGHELP.DLL
0x00007ffc0e290000 - 0x00007ffc0e2c4000 	C:\Windows\SYSTEM32\dbgcore.DLL
0x00007ffc212f0000 - 0x00007ffc21372000 	C:\Windows\System32\bcryptPrimitives.dll
0x00007ffbe14f0000 - 0x00007ffbe150f000 	C:\Program Files\Java\jdk-21\bin\java.dll

dbghelp: loaded successfully - version: 4.0.5 - missing functions: none
symbol engine: initialized successfully - sym options: 0x614 - pdb path: .;C:\Program Files\Java\jdk-21\bin;C:\Windows\SYSTEM32;C:\Windows\WinSxS\amd64_microsoft.windows.common-controls_6595b64144ccf1df_6.0.19041.3636_none_60b6a03d71f818d5;C:\Program Files (x86)\360\Total Security\safemon;C:\Program Files\Java\jdk-21\bin\server

VM Arguments:
jvm_args: -Dclassworlds.conf=C:\Program Files\NetBeans-20\netbeans\java\maven\bin\m2.conf -Dmaven.home=C:\Program Files\NetBeans-20\netbeans\java\maven -Dlibrary.jansi.path=C:\Program Files\NetBeans-20\netbeans\java\maven\lib\jansi-native -Dmaven.multiModuleProjectDirectory=C:\Users\jose-\OneDrive\Documentos\NetBeansProjects\Domino 
java_command: org.codehaus.plexus.classworlds.launcher.Launcher -Dexec.vmArgs= -Dexec.appArgs= -Dmaven.ext.class.path=C:\Program Files\NetBeans-20\netbeans\java\maven-nblib\netbeans-eventspy.jar -Dfile.encoding=UTF-8 --no-transfer-progress clean javafx:run
java_class_path (initial): C:\Program Files\NetBeans-20\netbeans\java\maven\boot\plexus-classworlds-2.7.0.jar
Launcher Type: SUN_STANDARD

[Global flags]
     intx CICompilerCount                          = 4                                         {product} {ergonomic}
     uint ConcGCThreads                            = 2                                         {product} {ergonomic}
     uint G1ConcRefinementThreads                  = 8                                         {product} {ergonomic}
   size_t G1HeapRegionSize                         = 2097152                                   {product} {ergonomic}
    uintx GCDrainStackTargetSize                   = 64                                        {product} {ergonomic}
   size_t InitialHeapSize                          = 234881024                                 {product} {ergonomic}
   size_t MarkStackSize                            = 4194304                                   {product} {ergonomic}
   size_t MaxHeapSize                              = 3745513472                                {product} {ergonomic}
   size_t MinHeapDeltaBytes                        = 2097152                                   {product} {ergonomic}
   size_t MinHeapSize                              = 8388608                                   {product} {ergonomic}
    uintx NonNMethodCodeHeapSize                   = 5839372                                {pd product} {ergonomic}
    uintx NonProfiledCodeHeapSize                  = 122909434                              {pd product} {ergonomic}
    uintx ProfiledCodeHeapSize                     = 122909434                              {pd product} {ergonomic}
    uintx ReservedCodeCacheSize                    = 251658240                              {pd product} {ergonomic}
     bool SegmentedCodeCache                       = true                                      {product} {ergonomic}
   size_t SoftMaxHeapSize                          = 3745513472                             {manageable} {ergonomic}
     bool UseCompressedOops                        = true                           {product lp64_product} {ergonomic}
     bool UseG1GC                                  = true                                      {product} {ergonomic}
     bool UseLargePagesIndividualAllocation        = false                                  {pd product} {ergonomic}

Logging:
Log output configuration:
 #0: stdout all=warning uptime,level,tags foldmultilines=false
 #1: stderr all=off uptime,level,tags foldmultilines=false

Environment Variables:
JAVA_HOME=C:\Program Files\Java\jdk-21
PATH=C:\Program Files\Eclipse Adoptium\jdk-20.0.2.9-hotspot\bin;C:\Program Files\Common Files\Oracle\Java\javapath;C:\Windows\system32;C:\Windows;C:\Windows\System32\Wbem;C:\Windows\System32\WindowsPowerShell\v1.0\;C:\Windows\System32\OpenSSH\;C:\Program Files (x86)\dotnet\;C:\Program Files\dotnet\;C:\Program Files\Microsoft SQL Server\120\Tools\Binn\;E:\MultiSim\bin;C:\Users\jose-\AppData\Local\Programs\Python\Python310\Scripts\;C:\Users\jose-\AppData\Local\Programs\Python\Python310\;C:\Users\jose-\AppData\Local\Microsoft\WindowsApps;
USERNAME=jose-
OS=Windows_NT
PROCESSOR_IDENTIFIER=AMD64 Family 23 Model 24 Stepping 1, AuthenticAMD
TMP=C:\Users\jose-\AppData\Local\Temp
TEMP=C:\Users\jose-\AppData\Local\Temp




Periodic native trim disabled

---------------  S Y S T E M  ---------------

OS:
 Windows 10 , 64 bit Build 19041 (10.0.19041.3636)
OS uptime: 0 days 5:34 hours

CPU: total 8 (initial active 8) (8 cores per cpu, 2 threads per core) family 23 model 24 stepping 1 microcode 0x0, cx8, cmov, fxsr, ht, mmx, 3dnowpref, sse, sse2, sse3, ssse3, sse4a, sse4.1, sse4.2, popcnt, lzcnt, tsc, tscinvbit, avx, avx2, aes, clmul, bmi1, bmi2, adx, sha, fma, vzeroupper, clflush, clflushopt, rdtscp, f16c
Processor Information for all 8 processors :
  Max Mhz: 3700, Current Mhz: 3700, Mhz Limit: 3700

Memory: 4k page, system-wide physical 14284M (1478M free)
TotalPageFile size 19646M (AvailPageFile size 92M)
current process WorkingSet (physical memory assigned to process): 11M, peak: 11M
current process commit charge ("private bytes"): 60M, peak: 284M

vm_info: Java HotSpot(TM) 64-Bit Server VM (21.0.1+12-LTS-29) for windows-amd64 JRE (21.0.1+12-LTS-29), built on 2023-10-05T13:27:09Z by "mach5one" with MS VC++ 17.1 (VS2022)

END.
